Determining if the pthread_create exist failed with the following output:
Change Dir: /home/matteo/catkin_ws/src/git/src/bin/CMakeFiles/CMakeTmp

Run Build Command:"/usr/bin/make" "cmTC_383eb/fast"
/usr/bin/make -f CMakeFiles/cmTC_383eb.dir/build.make CMakeFiles/cmTC_383eb.dir/build
make[1]: ingresso nella directory "/home/matteo/catkin_ws/src/git/src/bin/CMakeFiles/CMakeTmp"
Building C object CMakeFiles/cmTC_383eb.dir/CheckSymbolExists.c.o
/usr/bin/cc     -o CMakeFiles/cmTC_383eb.dir/CheckSymbolExists.c.o   -c /home/matteo/catkin_ws/src/git/src/bin/CMakeFiles/CMakeTmp/CheckSymbolExists.c
Linking C executable cmTC_383eb
/usr/bin/cmake -E cmake_link_script CMakeFiles/cmTC_383eb.dir/link.txt --verbose=1
/usr/bin/cc       CMakeFiles/cmTC_383eb.dir/CheckSymbolExists.c.o  -o cmTC_383eb -rdynamic 
CMakeFiles/cmTC_383eb.dir/CheckSymbolExists.c.o: nella funzione "main":
CheckSymbolExists.c:(.text+0x16): riferimento non definito a "pthread_create"
collect2: error: ld returned 1 exit status
CMakeFiles/cmTC_383eb.dir/build.make:97: set di istruzioni per l'obiettivo "cmTC_383eb" non riuscito
make[1]: *** [cmTC_383eb] Errore 1
make[1]: uscita dalla directory "/home/matteo/catkin_ws/src/git/src/bin/CMakeFiles/CMakeTmp"
Makefile:126: set di istruzioni per l'obiettivo "cmTC_383eb/fast" non riuscito
make: *** [cmTC_383eb/fast] Errore 2

File /home/matteo/catkin_ws/src/git/src/bin/CMakeFiles/CMakeTmp/CheckSymbolExists.c:
/* */
#include <pthread.h>

int main(int argc, char** argv)
{
  (void)argv;
#ifndef pthread_create
  return ((int*)(&pthread_create))[argc];
#else
  (void)argc;
  return 0;
#endif
}

Determining if the function pthread_create exists in the pthreads failed with the following output:
Change Dir: /home/matteo/catkin_ws/src/git/src/bin/CMakeFiles/CMakeTmp

Run Build Command:"/usr/bin/make" "cmTC_43550/fast"
/usr/bin/make -f CMakeFiles/cmTC_43550.dir/build.make CMakeFiles/cmTC_43550.dir/build
make[1]: ingresso nella directory "/home/matteo/catkin_ws/src/git/src/bin/CMakeFiles/CMakeTmp"
Building C object CMakeFiles/cmTC_43550.dir/CheckFunctionExists.c.o
/usr/bin/cc    -DCHECK_FUNCTION_EXISTS=pthread_create   -o CMakeFiles/cmTC_43550.dir/CheckFunctionExists.c.o   -c /usr/share/cmake-3.5/Modules/CheckFunctionExists.c
Linking C executable cmTC_43550
/usr/bin/cmake -E cmake_link_script CMakeFiles/cmTC_43550.dir/link.txt --verbose=1
/usr/bin/cc   -DCHECK_FUNCTION_EXISTS=pthread_create    CMakeFiles/cmTC_43550.dir/CheckFunctionExists.c.o  -o cmTC_43550 -rdynamic -lpthreads 
/usr/bin/ld: impossibile trovare -lpthreads
collect2: error: ld returned 1 exit status
CMakeFiles/cmTC_43550.dir/build.make:97: set di istruzioni per l'obiettivo "cmTC_43550" non riuscito
make[1]: *** [cmTC_43550] Errore 1
make[1]: uscita dalla directory "/home/matteo/catkin_ws/src/git/src/bin/CMakeFiles/CMakeTmp"
Makefile:126: set di istruzioni per l'obiettivo "cmTC_43550/fast" non riuscito
make: *** [cmTC_43550/fast] Errore 2


